COMMAND: npm run build:theme

> kawaii-vscode-color@0.1.31 build:theme
> npm run compile:scripts && node ./scripts/build-color-theme.js


> kawaii-vscode-color@0.1.31 compile:scripts
> tsc -p tsconfig.scripts.json

Generated themes\kawaii_synthwave-generated-color-theme.json
Base: themes\kawaii_synthwave-color-theme.json
Overrides: themes\kawaii_synthwave-color-theme-overrides.json
Override colors: 144
Override token rules: 4
Generated themes\kawaii_synthwave-generated-color-theme-light.json
Base: themes\kawaii_synthwave-color-theme-light.json
Overrides: themes\kawaii_synthwave-color-theme-light-overrides.json
Override colors: 190
Override token rules: 4
BUILD_THEME_EXIT_CODE: 0
COMMAND: node --test test/unit/build-color-theme.test.js
✔ buildGeneratedTheme replaces color overrides by key (1.3207ms)
✔ buildGeneratedTheme replaces token rules by matching name or scope and appends new rules (0.258ms)
✔ buildGeneratedTheme does not mutate input theme objects (0.2281ms)
ℹ tests 3
ℹ suites 0
ℹ pass 3
ℹ fail 0
ℹ cancelled 0
ℹ skipped 0
ℹ todo 0
ℹ duration_ms 87.1167
SCRIPT_TEST_EXIT_CODE: 0
COMMAND: node --check scripts/build-color-theme.js
WRAPPER_CHECK_EXIT_CODE: 0
COMMAND: node --check out-scripts/scripts/build-color-theme.js
COMPILED_CHECK_EXIT_CODE: 0
COMMAND: git diff -- themes
warning: in the working copy of 'themes/kawaii_synthwave-generated-color-theme-light.json', LF will be replaced by CRLF the next time Git touches it
warning: in the working copy of 'themes/kawaii_synthwave-generated-color-theme.json', LF will be replaced by CRLF the next time Git touches it
THEME_DIFF_EXIT_CODE: 0
