**********************
PowerShell transcript start
Start time: 20260619154848
Username: PC_PT_3891C\CodexSandboxOnline
RunAs User: PC_PT_3891C\CodexSandboxOnline
Configuration Name:
Machine: PC_PT_3891C (Microsoft Windows NT 10.0.26100.0)
Host Application: C:\Program Files\PowerShell\7\pwsh.dll -NoProfile -Command try { [Console]::OutputEncoding=[System.Text.Encoding]::UTF8 } catch {}
$log = 'docs\migration\typescript\step03\step03-runtime-green.log'
Start-Transcript -Path $log -Force | Out-Null
Write-Host '## npm run compile'
npm run compile
$compileExit = $LASTEXITCODE
Write-Host '## node --test test/unit/compiled-runtime-entry.test.js'
node --test test/unit/compiled-runtime-entry.test.js
$testExit = $LASTEXITCODE
Write-Host "## exit codes: compile=$compileExit test=$testExit"
Stop-Transcript | Out-Null
if ($compileExit -ne 0) { exit $compileExit }
exit $testExit
Process ID: 165760
PSVersion: 7.5.2
PSEdition: Core
GitCommitId: 7.5.2
OS: Microsoft Windows 10.0.26100
Platform: Win32NT
PSCompatibleVersions: 1.0, 2.0, 3.0, 4.0, 5.0, 5.1, 6.0, 7.0
PSRemotingProtocolVersion: 2.3
SerializationVersion: 1.1.0.1
WSManStackVersion: 3.0
**********************
## npm run compile

## node --test test/unit/compiled-runtime-entry.test.js

## exit codes: compile=0 test=0
**********************
PowerShell transcript end
End time: 20260619154851
**********************
