Step 08 unit layer after Neon effect service test conversion
Started: 2026-06-22 09:27:03 +01:00
> npm run test:unit

> kawaii-vscode-color@0.1.31 test:unit
> npm run compile && npm run compile:tests && node --test "scripts/**/*.test.js" "test/unit/**/*.test.js" "out-tests/test/unit/**/*.test.js"


> kawaii-vscode-color@0.1.31 compile
> tsc -p tsconfig.extension.json && tsc -p tsconfig.scripts.json


> kawaii-vscode-color@0.1.31 compile:tests
> tsc -p tsconfig.tests.emit.json

✔ package main points to the compiled extension entry (1.3758ms)
✔ resolveExtensionRoot maps source and compiled directories to the package root (0.3277ms)
✔ resolveExtensionAssetPath resolves source assets from compiled output (0.2673ms)
✔ createEmptyEditorLogoStyles includes old and wrapper watermark selectors (0.9724ms)
✔ empty editor logo selectors match old and wrapper VS Code watermark markup (86.2195ms)
✔ empty editor logo version fallbacks remain individually active (15.0977ms)
✔ createEmptyEditorLogoStyles applies data URI and opacity (0.1628ms)
✔ extension maps every editor background fit option to its CSS area (1.7228ms)
✔ NeonEffectController exposes settings actions that delegate to the service (1.7428ms)
✔ NeonEffectController regenerates Neon only when switching between Kawaii themes while active (0.5876ms)
✔ NeonEffectService generates the runtime script with typed configuration and stored images (5.9966ms)
✔ NeonEffectService disables active patches and reports inactive patches (1.148ms)
✔ NeonEffectService reports file access failures while disabling the patch (0.5524ms)
✔ NeonEffectService logs unexpected isEnabled failures and returns false (0.3188ms)
✔ NeonEffectService normalizes supported editor background fit values (0.2038ms)
✔ NeonEffectService reports missing workbench files without writing the patch (0.4067ms)
✔ random neko fetcher normalizes a mocked API image without using external network (1.5777ms)
✔ random neko payload validation rejects missing image data (0.5701ms)
✔ random neko URL and extension helpers use safe fallbacks (0.3675ms)
✔ random neko fetcher propagates controlled request failures (0.3725ms)
✔ renderer token helpers preserve VS Code token color matching contracts (1.5971ms)
✔ renderer token replacement keeps dark and light glow maps explicit (0.5512ms)
✔ renderer template module keeps browser boundary identifiers and no Node imports (1.2086ms)
✔ renderer placeholder helpers replace only known placeholders (0.3384ms)
✔ updateColorCustomization writes a validated workbench color to the global theme block (2.4959ms)
✔ updateColorCustomization accepts supported hex formats and rejects invalid values without writing (1.9106ms)
✔ updateColorCustomization keeps dark and light customizations isolated (0.3833ms)
✔ updateColorCustomization rejects unknown workbench colors without writing settings (0.2837ms)
✔ updateColorCustomization writes token colors by replacing matching scopes or appending missing scopes (1.1594ms)
✔ updateColorCustomization rejects unknown token indexes and unsupported sections without writing settings (0.3905ms)
✔ resetColorCustomization removes workbench colors from global and workspace targets (0.568ms)
✔ resetColorCustomization removes token rules and keeps unknown token indexes as no-ops (0.3486ms)
✔ resetAllColorCustomizations removes workbench and token blocks from global and workspace targets (0.4733ms)
✔ changeThemeVariant writes the selected color theme label globally (0.3595ms)
✔ normalizes editor background and empty logo opacity plus fit values (1.3104ms)
✔ validates safe stored file names and resolves paths under storage (0.8695ms)
✔ normalizes supported image extensions, MIME types, and file sizes (1.3226ms)
✔ normalizes exported image data and rejects unsupported or oversized imports (6.7947ms)
✔ normalizes metadata and builds stored image state (0.655ms)
✔ exports stored image bytes when metadata and file are available (0.4578ms)
✔ exports PNG fixture images as stable bundle image payloads (19.8516ms)
✔ restores exported image by removing missing data or storing valid data (0.6622ms)
✔ stores image bytes, deletes previous files, and updates metadata (3.3207ms)
✔ removes stored image state and applies effects exports in order (1.0431ms)
✔ normalizeHexColor accepts VS Code hex formats and preserves trimmed values (1.9649ms)
✔ normalizeHexColor rejects invalid color values with existing messages (0.869ms)
✔ getThemeCustomizationKey returns theme-specific VS Code customization keys (0.2601ms)
✔ clonePlainObject and ensurePlainObject return safe plain objects (1.0134ms)
✔ writeThemeCustomizationBlock writes non-empty blocks and deletes empty blocks (0.3357ms)
✔ getTextMateRules filters invalid textMateRules entries (0.2966ms)
✔ scope helpers compare strings and arrays using stable stringification (0.3128ms)
✔ workbench block update and reset preserve unrelated theme blocks (0.4003ms)
✔ token block update replaces matching scope and appends missing scope (1.1035ms)
✔ token reset removes matching rules and deletes empty textMateRules (0.4046ms)
✔ theme customization export and removal handle supported variants only (0.4083ms)
✔ getSettingsObject reads and clones configuration objects (3.7421ms)
✔ getSettingsObject returns empty object for invalid values (0.2122ms)
✔ getTargetSettingsObject reads global and workspace inspection values (0.1994ms)
✔ getTargetSettingsObject safely returns empty object when inspection is missing (0.25ms)
✔ updateSetting writes undefined for empty objects (1.3918ms)
✔ updateSetting writes global and workspace targets (0.3094ms)
✔ updateSetting preserves scalar values instead of treating them as empty settings (0.2586ms)
✔ canUpdateWorkspaceSettings detects workspace targets (0.2772ms)
✔ shared color guards accept VS Code hex colors and reject invalid values (2.0655ms)
✔ shared opacity normalization clamps incoming numeric values (0.2249ms)
✔ shared theme guards identify supported Kawaii theme variants (0.1636ms)
✔ webview message guard accepts known messages and rejects unknown payloads (0.2524ms)
✔ settings bundle schema constants preserve current and legacy schema names (0.1311ms)
✔ renderer placeholder contract includes required Neon placeholders (0.15ms)
✔ shared result helpers create explicit success and failure values (0.9995ms)
✔ WorkbenchPatchService writes the Neon script and patches the workbench HTML (2.2739ms)
✔ WorkbenchPatchService reports reactivation without duplicating the marker (0.7006ms)
✔ WorkbenchPatchService removes an active patch and reports absent patches (2.149ms)
✔ WorkbenchPatchService returns workbench-not-found when no supported HTML file exists (0.4549ms)
✔ applyWorkbenchPatchScriptTag inserts a cache-busted script before the closing html tag (1.455ms)
✔ applyWorkbenchPatchScriptTag replaces existing extension marker instead of duplicating it (0.4528ms)
✔ removeWorkbenchPatchScriptTag removes only the marked extension script (0.6545ms)
✔ resolveWorkbenchPaths prefers electron-browser workbench.html (2.0969ms)
✔ resolveWorkbenchPatchPaths resolves electron-sandbox workbench.esm.html (0.5197ms)
✔ validateCodexDocFacts accepts documentation that contains all critical facts (2.2213ms)
✔ validateCodexDocFacts ignores automatic patch version drift (0.2578ms)
✔ validateCodexDocFacts reports missing webview message contracts (0.3465ms)
✔ validateCodexDocFacts reports missing renderer placeholders (0.2329ms)
✔ createE2ELastRunRecord normalizes safe run metadata and artifact paths (1.7334ms)
✔ createE2ELastRunRecord keeps current VS Code E2E metadata isolated (1.1666ms)
✔ updateE2ELastRunPhase and finalizeE2ELastRunRecord preserve failure details (0.5706ms)
✔ writeE2ELastRunRecord writes the project-owned marker without depending on ExTester marker freshness (2.598ms)
✔ readExTesterLastRun treats missing or stale ExTester marker as optional diagnostics (2.5216ms)
✔ readExTesterLastRun ignores failed tests from a marker older than the current run (1.9666ms)
✔ validateE2ERunOptions requires gated Neon runs to stay inside disposable storage (0.781ms)
✔ increments the package patch version and synchronizes package-lock (7.8464ms)
✔ rejects unsupported package versions (0.5814ms)
✔ require-e2e-neon-flag rejects Neon E2E without explicit acknowledgement (75.6332ms)
✔ require-e2e-neon-flag allows Neon E2E with explicit acknowledgement (66.8894ms)
✔ formatSummary prints a final overview for passed, failed, and skipped phases (1.551ms)
✔ createSkippedResults marks remaining phases after a fail-fast stop (0.716ms)
✔ getNpmExecutable uses npm.exe on Windows so child process runs without a shell (0.1341ms)
✔ formatSummary includes spawn errors for failed phases (0.1824ms)
✔ runAllSafeTests returns a promise so the CLI can wait before exiting (1.1226ms)
✔ getSummaryDelayMs defaults to a short pause before final output (0.1932ms)
✔ safe phase list captures integration output before continuing (0.1612ms)
✔ safe phase list excludes gated Neon E2E (0.1269ms)
✔ runAllSafeTestPlan fails fast and keeps summary when Safe E2E exits non-zero (2.0436ms)
✔ buildGeneratedTheme replaces color overrides by key (1.6369ms)
✔ buildGeneratedTheme replaces token rules by matching name or scope and appends new rules (0.4018ms)
✔ buildGeneratedTheme does not mutate input theme objects (0.3143ms)
✔ normalizeBrightnessSetting clamps, rounds, and defaults invalid values (1.9892ms)
✔ normalizeSettingsBundle validates schema and supported versions (0.6047ms)
✔ normalizeSettingsBundle accepts current fixtures and rejects invalid fixture inputs (0.9074ms)
✔ extension configuration export prefers explicit global values and falls back to effective values (1.1146ms)
✔ extension configuration import writes normalized values (0.4962ms)
✔ color customization export and import handle dark and light blocks while preserving unrelated customizations (0.4948ms)
✔ createSettingsBundle exports active theme, configuration, colors, and effects (1.4911ms)
✔ createSettingsBundle exports dark/light colors and image-backed effects (0.9054ms)
✔ applySettingsBundle applies config, colors, effects, then active theme (0.4095ms)
✔ applySettingsBundle restores fixture config, dark/light colors, effects, and active theme (0.8682ms)
✔ settings bundle actions save/import settings sync state (0.5091ms)
✔ settings bundle file actions handle cancellations and read/write JSON files (1.9992ms)
✔ settings sync and file actions restore complete snapshots across chained operations (1.9704ms)
✔ settings sync and file actions match the state model for every four-step chain (196.9578ms)
✔ settings bundle file actions reject invalid JSON and unsupported schema versions (0.7144ms)
✔ SettingsMessageController dispatches host messages and preserves legacy payload names (1.9376ms)
✔ SettingsMessageController keeps test-only message gates at the boundary (1.3576ms)
✔ SettingsMessageController posts effects warnings only for successful imports (0.3428ms)
✔ SettingsCommandController delegates settings command actions without owning VS Code internals (0.2914ms)
✔ settings host services delegate state, bundle, and effects boundaries (0.8589ms)
✔ settings webview messages reach persistence services without touching real VS Code state (42.7055ms)
✔ settings E2E bundle hook is rejected by default and applies fixture only with Neon flag (15.0125ms)
✔ settings E2E fixtures drive dialogs and random image flows without native UI or network (31.1176ms)
✔ settings webview sync and file messages restore saved state after chained edits (14.157ms)
ℹ tests 130
ℹ suites 0
ℹ pass 130
ℹ fail 0
ℹ cancelled 0
ℹ skipped 0
ℹ todo 0
ℹ duration_ms 976.0099
Exit code: 0
Finished: 2026-06-22 09:27:10 +01:00
