Step 08 unit layer after TypeScript test conversion
Started: 2026-06-22 08:56:41 +01:00
> npm run test:unit

> kawaii-vscode-color@0.1.31 test:unit
> npm run compile && npm run compile:tests && node --test "scripts/**/*.test.js" "test/unit/**/*.test.js" "out-tests/test/unit/**/*.test.js"


> kawaii-vscode-color@0.1.31 compile
> tsc -p tsconfig.extension.json && tsc -p tsconfig.scripts.json


> kawaii-vscode-color@0.1.31 compile:tests
> tsc -p tsconfig.tests.emit.json

✔ renderer token helpers preserve VS Code token color matching contracts (1.5899ms)
✔ renderer token replacement keeps dark and light glow maps explicit (0.5175ms)
✔ renderer template module keeps browser boundary identifiers and no Node imports (1.0886ms)
✔ renderer placeholder helpers replace only known placeholders (0.298ms)
✔ shared color guards accept VS Code hex colors and reject invalid values (2.0308ms)
✔ shared opacity normalization clamps incoming numeric values (0.382ms)
✔ shared theme guards identify supported Kawaii theme variants (0.1978ms)
✔ webview message guard accepts known messages and rejects unknown payloads (0.2954ms)
✔ settings bundle schema constants preserve current and legacy schema names (0.1713ms)
✔ renderer placeholder contract includes required Neon placeholders (0.1491ms)
✔ shared result helpers create explicit success and failure values (0.9883ms)
✔ validateCodexDocFacts accepts documentation that contains all critical facts (1.8925ms)
✔ validateCodexDocFacts ignores automatic patch version drift (0.3681ms)
✔ validateCodexDocFacts reports missing webview message contracts (0.4317ms)
✔ validateCodexDocFacts reports missing renderer placeholders (0.3024ms)
✔ createE2ELastRunRecord normalizes safe run metadata and artifact paths (2.9803ms)
✔ createE2ELastRunRecord keeps current VS Code E2E metadata isolated (1.6898ms)
✔ updateE2ELastRunPhase and finalizeE2ELastRunRecord preserve failure details (0.653ms)
✔ writeE2ELastRunRecord writes the project-owned marker without depending on ExTester marker freshness (3.1561ms)
✔ readExTesterLastRun treats missing or stale ExTester marker as optional diagnostics (4.1505ms)
✔ readExTesterLastRun ignores failed tests from a marker older than the current run (1.9686ms)
✔ validateE2ERunOptions requires gated Neon runs to stay inside disposable storage (1.2456ms)
✔ increments the package patch version and synchronizes package-lock (11.4714ms)
✔ rejects unsupported package versions (0.5989ms)
✔ require-e2e-neon-flag rejects Neon E2E without explicit acknowledgement (103.8838ms)
✔ require-e2e-neon-flag allows Neon E2E with explicit acknowledgement (181.3773ms)
✔ formatSummary prints a final overview for passed, failed, and skipped phases (2.3806ms)
✔ createSkippedResults marks remaining phases after a fail-fast stop (0.9584ms)
✔ getNpmExecutable uses npm.exe on Windows so child process runs without a shell (0.1958ms)
✔ formatSummary includes spawn errors for failed phases (0.33ms)
✔ runAllSafeTests returns a promise so the CLI can wait before exiting (1.9916ms)
✔ getSummaryDelayMs defaults to a short pause before final output (0.2273ms)
✔ safe phase list captures integration output before continuing (0.2121ms)
✔ safe phase list excludes gated Neon E2E (0.1651ms)
✔ runAllSafeTestPlan fails fast and keeps summary when Safe E2E exits non-zero (2.8449ms)
✔ buildGeneratedTheme replaces color overrides by key (2.2258ms)
✔ buildGeneratedTheme replaces token rules by matching name or scope and appends new rules (0.4374ms)
✔ buildGeneratedTheme does not mutate input theme objects (0.376ms)
✔ package main points to the compiled extension entry (1.6926ms)
✔ resolveExtensionRoot maps source and compiled directories to the package root (0.3872ms)
✔ resolveExtensionAssetPath resolves source assets from compiled output (0.3335ms)
✔ createEmptyEditorLogoStyles includes old and wrapper watermark selectors (1.1641ms)
✔ empty editor logo selectors match old and wrapper VS Code watermark markup (81.6565ms)
✔ empty editor logo version fallbacks remain individually active (12.8358ms)
✔ createEmptyEditorLogoStyles applies data URI and opacity (0.1366ms)
✔ extension maps every editor background fit option to its CSS area (2.2523ms)
✔ NeonEffectController exposes settings actions that delegate to the service (1.9423ms)
✔ NeonEffectController regenerates Neon only when switching between Kawaii themes while active (0.5619ms)
✔ NeonEffectService generates the runtime script with typed configuration and stored images (4.8318ms)
✔ NeonEffectService disables active patches and reports inactive patches (1.1422ms)
✔ NeonEffectService reports file access failures while disabling the patch (0.5366ms)
✔ NeonEffectService logs unexpected isEnabled failures and returns false (0.4554ms)
✔ NeonEffectService normalizes supported editor background fit values (0.2692ms)
✔ NeonEffectService reports missing workbench files without writing the patch (0.4908ms)
✔ random neko fetcher normalizes a mocked API image without using external network (1.4603ms)
✔ random neko payload validation rejects missing image data (0.5379ms)
✔ random neko URL and extension helpers use safe fallbacks (0.3608ms)
✔ random neko fetcher propagates controlled request failures (0.3439ms)
✔ normalizeBrightnessSetting clamps, rounds, and defaults invalid values (2.8483ms)
✔ normalizeSettingsBundle validates schema and supported versions (0.6247ms)
✔ normalizeSettingsBundle accepts current fixtures and rejects invalid fixture inputs (0.8112ms)
✔ extension configuration export prefers explicit global values and falls back to effective values (1.045ms)
✔ extension configuration import writes normalized values (0.5509ms)
✔ color customization export and import handle dark and light blocks while preserving unrelated customizations (0.7745ms)
✔ createSettingsBundle exports active theme, configuration, colors, and effects (1.6515ms)
✔ createSettingsBundle exports dark/light colors and image-backed effects (0.7972ms)
✔ applySettingsBundle applies config, colors, effects, then active theme (0.5649ms)
✔ applySettingsBundle restores fixture config, dark/light colors, effects, and active theme (1.0805ms)
✔ settings bundle actions save/import settings sync state (0.5891ms)
✔ settings bundle file actions handle cancellations and read/write JSON files (8.2405ms)
✔ settings sync and file actions restore complete snapshots across chained operations (2.6293ms)
✔ settings sync and file actions match the state model for every four-step chain (257.3367ms)
✔ settings bundle file actions reject invalid JSON and unsupported schema versions (1.0724ms)
✔ updateColorCustomization writes a validated workbench color to the global theme block (2.0983ms)
✔ updateColorCustomization accepts supported hex formats and rejects invalid values without writing (0.8526ms)
✔ updateColorCustomization keeps dark and light customizations isolated (0.4107ms)
✔ updateColorCustomization rejects unknown workbench colors without writing settings (0.2545ms)
✔ updateColorCustomization writes token colors by replacing matching scopes or appending missing scopes (0.5628ms)
✔ updateColorCustomization rejects unknown token indexes and unsupported sections without writing settings (0.3065ms)
✔ resetColorCustomization removes workbench colors from global and workspace targets (0.5031ms)
✔ resetColorCustomization removes token rules and keeps unknown token indexes as no-ops (0.3386ms)
✔ resetAllColorCustomizations removes workbench and token blocks from global and workspace targets (0.6816ms)
✔ changeThemeVariant writes the selected color theme label globally (0.3542ms)
✔ normalizes editor background and empty logo opacity plus fit values (12.8373ms)
✔ validates safe stored file names and resolves paths under storage (2.9302ms)
✔ normalizes supported image extensions, MIME types, and file sizes (1.2611ms)
✔ normalizes exported image data and rejects unsupported or oversized imports (8.5838ms)
✔ normalizes metadata and builds stored image state (0.5653ms)
✔ exports stored image bytes when metadata and file are available (0.6034ms)
✔ exports PNG fixture images as stable bundle image payloads (19.3115ms)
✔ restores exported image by removing missing data or storing valid data (0.4766ms)
✔ stores image bytes, deletes previous files, and updates metadata (2.3064ms)
✔ removes stored image state and applies effects exports in order (0.531ms)
✔ SettingsMessageController dispatches host messages and preserves legacy payload names (2.5693ms)
✔ SettingsMessageController keeps test-only message gates at the boundary (1.5968ms)
✔ SettingsMessageController posts effects warnings only for successful imports (0.3164ms)
✔ SettingsCommandController delegates settings command actions without owning VS Code internals (0.2837ms)
✔ settings host services delegate state, bundle, and effects boundaries (0.7718ms)
✔ settings webview messages reach persistence services without touching real VS Code state (95.1597ms)
✔ settings E2E bundle hook is rejected by default and applies fixture only with Neon flag (16.0875ms)
✔ settings E2E fixtures drive dialogs and random image flows without native UI or network (37.8913ms)
✔ settings webview sync and file messages restore saved state after chained edits (20.9957ms)
✔ normalizeHexColor accepts VS Code hex formats and preserves trimmed values (1.1964ms)
✔ normalizeHexColor rejects invalid color values with existing messages (0.5386ms)
✔ getThemeCustomizationKey returns theme-specific VS Code customization keys (0.1442ms)
✔ clonePlainObject and ensurePlainObject return safe plain objects (0.9371ms)
✔ writeThemeCustomizationBlock writes non-empty blocks and deletes empty blocks (1.8316ms)
✔ getTextMateRules filters invalid textMateRules entries (0.2941ms)
✔ scope helpers compare strings and arrays using stable stringification (0.3116ms)
✔ workbench block update and reset preserve unrelated theme blocks (0.2672ms)
✔ token block update replaces matching scope and appends missing scope (0.3379ms)
✔ token reset removes matching rules and deletes empty textMateRules (0.3517ms)
✔ theme customization export and removal handle supported variants only (0.3695ms)
✔ getSettingsObject reads and clones configuration objects (9.6907ms)
✔ getSettingsObject returns empty object for invalid values (0.5074ms)
✔ getTargetSettingsObject reads global and workspace inspection values (0.8318ms)
✔ getTargetSettingsObject safely returns empty object when inspection is missing (0.4861ms)
✔ updateSetting writes undefined for empty objects (2.8679ms)
✔ updateSetting writes global and workspace targets (0.3164ms)
✔ updateSetting preserves scalar values instead of treating them as empty settings (0.2463ms)
✔ canUpdateWorkspaceSettings detects workspace targets (0.2551ms)
✔ WorkbenchPatchService writes the Neon script and patches the workbench HTML (5.8795ms)
✔ WorkbenchPatchService reports reactivation without duplicating the marker (0.8105ms)
✔ WorkbenchPatchService removes an active patch and reports absent patches (3.2334ms)
✔ WorkbenchPatchService returns workbench-not-found when no supported HTML file exists (0.3926ms)
✔ applyWorkbenchPatchScriptTag inserts a cache-busted script before the closing html tag (1.7738ms)
✔ applyWorkbenchPatchScriptTag replaces existing extension marker instead of duplicating it (0.2915ms)
✔ removeWorkbenchPatchScriptTag removes only the marked extension script (0.178ms)
✔ resolveWorkbenchPaths prefers electron-browser workbench.html (0.9779ms)
✔ resolveWorkbenchPatchPaths resolves electron-sandbox workbench.esm.html (0.4212ms)
ℹ tests 130
ℹ suites 0
ℹ pass 130
ℹ fail 0
ℹ cancelled 0
ℹ skipped 0
ℹ todo 0
ℹ duration_ms 1140.5965
Exit code: 0
Finished: 2026-06-22 08:56:48 +01:00
