Step 08 unit layer after settings color service test conversion
Started: 2026-06-22 09:18:59 +01:00
> npm run test:unit

> kawaii-vscode-color@0.1.31 test:unit
> npm run compile && npm run compile:tests && node --test "scripts/**/*.test.js" "test/unit/**/*.test.js" "out-tests/test/unit/**/*.test.js"


> kawaii-vscode-color@0.1.31 compile
> tsc -p tsconfig.extension.json && tsc -p tsconfig.scripts.json


> kawaii-vscode-color@0.1.31 compile:tests
> tsc -p tsconfig.tests.emit.json

✔ package main points to the compiled extension entry (1.1985ms)
✔ resolveExtensionRoot maps source and compiled directories to the package root (0.3477ms)
✔ resolveExtensionAssetPath resolves source assets from compiled output (0.2607ms)
✔ createEmptyEditorLogoStyles includes old and wrapper watermark selectors (0.8085ms)
✔ empty editor logo selectors match old and wrapper VS Code watermark markup (80.5331ms)
✔ empty editor logo version fallbacks remain individually active (13.4623ms)
✔ createEmptyEditorLogoStyles applies data URI and opacity (0.1743ms)
✔ extension maps every editor background fit option to its CSS area (2.4535ms)
✔ NeonEffectController exposes settings actions that delegate to the service (1.9083ms)
✔ NeonEffectController regenerates Neon only when switching between Kawaii themes while active (0.4678ms)
✔ random neko fetcher normalizes a mocked API image without using external network (1.2904ms)
✔ random neko payload validation rejects missing image data (0.552ms)
✔ random neko URL and extension helpers use safe fallbacks (0.3626ms)
✔ random neko fetcher propagates controlled request failures (0.3033ms)
✔ renderer token helpers preserve VS Code token color matching contracts (1.3891ms)
✔ renderer token replacement keeps dark and light glow maps explicit (0.4558ms)
✔ renderer template module keeps browser boundary identifiers and no Node imports (1.2147ms)
✔ renderer placeholder helpers replace only known placeholders (0.3063ms)
✔ updateColorCustomization writes a validated workbench color to the global theme block (2.2965ms)
✔ updateColorCustomization accepts supported hex formats and rejects invalid values without writing (1.685ms)
✔ updateColorCustomization keeps dark and light customizations isolated (0.3863ms)
✔ updateColorCustomization rejects unknown workbench colors without writing settings (0.3143ms)
✔ updateColorCustomization writes token colors by replacing matching scopes or appending missing scopes (0.6099ms)
✔ updateColorCustomization rejects unknown token indexes and unsupported sections without writing settings (0.3786ms)
✔ resetColorCustomization removes workbench colors from global and workspace targets (0.4802ms)
✔ resetColorCustomization removes token rules and keeps unknown token indexes as no-ops (0.3228ms)
✔ resetAllColorCustomizations removes workbench and token blocks from global and workspace targets (0.492ms)
✔ changeThemeVariant writes the selected color theme label globally (0.4193ms)
✔ normalizeHexColor accepts VS Code hex formats and preserves trimmed values (1.8581ms)
✔ normalizeHexColor rejects invalid color values with existing messages (1.8563ms)
✔ getThemeCustomizationKey returns theme-specific VS Code customization keys (0.7173ms)
✔ clonePlainObject and ensurePlainObject return safe plain objects (4.178ms)
✔ writeThemeCustomizationBlock writes non-empty blocks and deletes empty blocks (0.3435ms)
✔ getTextMateRules filters invalid textMateRules entries (0.9341ms)
✔ scope helpers compare strings and arrays using stable stringification (0.6648ms)
✔ workbench block update and reset preserve unrelated theme blocks (0.3643ms)
✔ token block update replaces matching scope and appends missing scope (0.8295ms)
✔ token reset removes matching rules and deletes empty textMateRules (0.3722ms)
✔ theme customization export and removal handle supported variants only (0.4565ms)
✔ getSettingsObject reads and clones configuration objects (1.6764ms)
✔ getSettingsObject returns empty object for invalid values (0.2366ms)
✔ getTargetSettingsObject reads global and workspace inspection values (0.2661ms)
✔ getTargetSettingsObject safely returns empty object when inspection is missing (0.1484ms)
✔ updateSetting writes undefined for empty objects (1.0147ms)
✔ updateSetting writes global and workspace targets (0.2553ms)
✔ updateSetting preserves scalar values instead of treating them as empty settings (0.2618ms)
✔ canUpdateWorkspaceSettings detects workspace targets (0.279ms)
✔ shared color guards accept VS Code hex colors and reject invalid values (2.1609ms)
✔ shared opacity normalization clamps incoming numeric values (0.1777ms)
✔ shared theme guards identify supported Kawaii theme variants (0.1233ms)
✔ webview message guard accepts known messages and rejects unknown payloads (0.2412ms)
✔ settings bundle schema constants preserve current and legacy schema names (0.22ms)
✔ renderer placeholder contract includes required Neon placeholders (0.1545ms)
✔ shared result helpers create explicit success and failure values (0.919ms)
✔ WorkbenchPatchService writes the Neon script and patches the workbench HTML (3.1874ms)
✔ WorkbenchPatchService reports reactivation without duplicating the marker (0.6815ms)
✔ WorkbenchPatchService removes an active patch and reports absent patches (2.0787ms)
✔ WorkbenchPatchService returns workbench-not-found when no supported HTML file exists (0.3642ms)
✔ applyWorkbenchPatchScriptTag inserts a cache-busted script before the closing html tag (1.2099ms)
✔ applyWorkbenchPatchScriptTag replaces existing extension marker instead of duplicating it (0.2959ms)
✔ removeWorkbenchPatchScriptTag removes only the marked extension script (0.2369ms)
✔ resolveWorkbenchPaths prefers electron-browser workbench.html (1.0841ms)
✔ resolveWorkbenchPatchPaths resolves electron-sandbox workbench.esm.html (0.4394ms)
✔ validateCodexDocFacts accepts documentation that contains all critical facts (3.2201ms)
✔ validateCodexDocFacts ignores automatic patch version drift (0.4474ms)
✔ validateCodexDocFacts reports missing webview message contracts (0.4073ms)
✔ validateCodexDocFacts reports missing renderer placeholders (0.3169ms)
✔ createE2ELastRunRecord normalizes safe run metadata and artifact paths (2.8268ms)
✔ createE2ELastRunRecord keeps current VS Code E2E metadata isolated (1.3109ms)
✔ updateE2ELastRunPhase and finalizeE2ELastRunRecord preserve failure details (0.7552ms)
✔ writeE2ELastRunRecord writes the project-owned marker without depending on ExTester marker freshness (3.018ms)
✔ readExTesterLastRun treats missing or stale ExTester marker as optional diagnostics (3.5859ms)
✔ readExTesterLastRun ignores failed tests from a marker older than the current run (2.0808ms)
✔ validateE2ERunOptions requires gated Neon runs to stay inside disposable storage (0.7812ms)
✔ increments the package patch version and synchronizes package-lock (9.8204ms)
✔ rejects unsupported package versions (0.6732ms)
✔ require-e2e-neon-flag rejects Neon E2E without explicit acknowledgement (79.6741ms)
✔ require-e2e-neon-flag allows Neon E2E with explicit acknowledgement (60.0801ms)
✔ formatSummary prints a final overview for passed, failed, and skipped phases (1.3861ms)
✔ createSkippedResults marks remaining phases after a fail-fast stop (0.8934ms)
✔ getNpmExecutable uses npm.exe on Windows so child process runs without a shell (0.1592ms)
✔ formatSummary includes spawn errors for failed phases (0.2019ms)
✔ runAllSafeTests returns a promise so the CLI can wait before exiting (1.1371ms)
✔ getSummaryDelayMs defaults to a short pause before final output (0.1743ms)
✔ safe phase list captures integration output before continuing (0.1314ms)
✔ safe phase list excludes gated Neon E2E (0.113ms)
✔ runAllSafeTestPlan fails fast and keeps summary when Safe E2E exits non-zero (2.8088ms)
✔ buildGeneratedTheme replaces color overrides by key (1.8843ms)
✔ buildGeneratedTheme replaces token rules by matching name or scope and appends new rules (1.1141ms)
✔ buildGeneratedTheme does not mutate input theme objects (0.4592ms)
✔ NeonEffectService generates the runtime script with typed configuration and stored images (4.9033ms)
✔ NeonEffectService disables active patches and reports inactive patches (1.2848ms)
✔ NeonEffectService reports file access failures while disabling the patch (0.6873ms)
✔ NeonEffectService logs unexpected isEnabled failures and returns false (0.3448ms)
✔ NeonEffectService normalizes supported editor background fit values (0.2073ms)
✔ NeonEffectService reports missing workbench files without writing the patch (0.4014ms)
✔ normalizeBrightnessSetting clamps, rounds, and defaults invalid values (2.1578ms)
✔ normalizeSettingsBundle validates schema and supported versions (0.6464ms)
✔ normalizeSettingsBundle accepts current fixtures and rejects invalid fixture inputs (0.9139ms)
✔ extension configuration export prefers explicit global values and falls back to effective values (1.1975ms)
✔ extension configuration import writes normalized values (0.5013ms)
✔ color customization export and import handle dark and light blocks while preserving unrelated customizations (0.6619ms)
✔ createSettingsBundle exports active theme, configuration, colors, and effects (1.803ms)
✔ createSettingsBundle exports dark/light colors and image-backed effects (0.8215ms)
✔ applySettingsBundle applies config, colors, effects, then active theme (0.4595ms)
✔ applySettingsBundle restores fixture config, dark/light colors, effects, and active theme (0.8635ms)
✔ settings bundle actions save/import settings sync state (0.585ms)
✔ settings bundle file actions handle cancellations and read/write JSON files (1.9049ms)
✔ settings sync and file actions restore complete snapshots across chained operations (2.1328ms)
✔ settings sync and file actions match the state model for every four-step chain (163.6271ms)
✔ settings bundle file actions reject invalid JSON and unsupported schema versions (0.7964ms)
✔ normalizes editor background and empty logo opacity plus fit values (1.2035ms)
✔ validates safe stored file names and resolves paths under storage (0.6567ms)
✔ normalizes supported image extensions, MIME types, and file sizes (1.0721ms)
✔ normalizes exported image data and rejects unsupported or oversized imports (6.503ms)
✔ normalizes metadata and builds stored image state (0.6072ms)
✔ exports stored image bytes when metadata and file are available (0.4337ms)
✔ exports PNG fixture images as stable bundle image payloads (7.3519ms)
✔ restores exported image by removing missing data or storing valid data (0.4572ms)
✔ stores image bytes, deletes previous files, and updates metadata (1.7725ms)
✔ removes stored image state and applies effects exports in order (0.4783ms)
✔ SettingsMessageController dispatches host messages and preserves legacy payload names (2.1706ms)
✔ SettingsMessageController keeps test-only message gates at the boundary (1.1024ms)
✔ SettingsMessageController posts effects warnings only for successful imports (0.2413ms)
✔ SettingsCommandController delegates settings command actions without owning VS Code internals (0.3278ms)
✔ settings host services delegate state, bundle, and effects boundaries (0.9832ms)
✔ settings webview messages reach persistence services without touching real VS Code state (38.0357ms)
✔ settings E2E bundle hook is rejected by default and applies fixture only with Neon flag (13.0797ms)
✔ settings E2E fixtures drive dialogs and random image flows without native UI or network (29.4914ms)
✔ settings webview sync and file messages restore saved state after chained edits (12.6621ms)
ℹ tests 130
ℹ suites 0
ℹ pass 130
ℹ fail 0
ℹ cancelled 0
ℹ skipped 0
ℹ todo 0
ℹ duration_ms 955.1304
Exit code: 0
Finished: 2026-06-22 09:19:06 +01:00
