Step 08 unit layer after small host TypeScript-backed test batch conversion
Started: 2026-06-22 09:15:25 +01:00
> npm run test:unit

> kawaii-vscode-color@0.1.31 test:unit
> npm run compile && npm run compile:tests && node --test "scripts/**/*.test.js" "test/unit/**/*.test.js" "out-tests/test/unit/**/*.test.js"


> kawaii-vscode-color@0.1.31 compile
> tsc -p tsconfig.extension.json && tsc -p tsconfig.scripts.json


> kawaii-vscode-color@0.1.31 compile:tests
> tsc -p tsconfig.tests.emit.json

✔ package main points to the compiled extension entry (1.0682ms)
✔ resolveExtensionRoot maps source and compiled directories to the package root (0.2753ms)
✔ resolveExtensionAssetPath resolves source assets from compiled output (0.2402ms)
✔ createEmptyEditorLogoStyles includes old and wrapper watermark selectors (0.9452ms)
✔ empty editor logo selectors match old and wrapper VS Code watermark markup (71.7959ms)
✔ empty editor logo version fallbacks remain individually active (11.6486ms)
✔ createEmptyEditorLogoStyles applies data URI and opacity (0.1412ms)
✔ extension maps every editor background fit option to its CSS area (1.9148ms)
✔ NeonEffectController exposes settings actions that delegate to the service (2.7885ms)
✔ NeonEffectController regenerates Neon only when switching between Kawaii themes while active (0.4019ms)
✔ random neko fetcher normalizes a mocked API image without using external network (1.3083ms)
✔ random neko payload validation rejects missing image data (0.4989ms)
✔ random neko URL and extension helpers use safe fallbacks (0.3264ms)
✔ random neko fetcher propagates controlled request failures (0.3847ms)
✔ renderer token helpers preserve VS Code token color matching contracts (1.7761ms)
✔ renderer token replacement keeps dark and light glow maps explicit (0.4289ms)
✔ renderer template module keeps browser boundary identifiers and no Node imports (1.247ms)
✔ renderer placeholder helpers replace only known placeholders (0.3388ms)
✔ normalizeHexColor accepts VS Code hex formats and preserves trimmed values (1.4644ms)
✔ normalizeHexColor rejects invalid color values with existing messages (1.7623ms)
✔ getThemeCustomizationKey returns theme-specific VS Code customization keys (0.302ms)
✔ clonePlainObject and ensurePlainObject return safe plain objects (1.1933ms)
✔ writeThemeCustomizationBlock writes non-empty blocks and deletes empty blocks (0.4572ms)
✔ getTextMateRules filters invalid textMateRules entries (0.2958ms)
✔ scope helpers compare strings and arrays using stable stringification (0.274ms)
✔ workbench block update and reset preserve unrelated theme blocks (0.257ms)
✔ token block update replaces matching scope and appends missing scope (0.3551ms)
✔ token reset removes matching rules and deletes empty textMateRules (0.3828ms)
✔ theme customization export and removal handle supported variants only (0.3944ms)
✔ getSettingsObject reads and clones configuration objects (1.8148ms)
✔ getSettingsObject returns empty object for invalid values (0.2149ms)
✔ getTargetSettingsObject reads global and workspace inspection values (0.23ms)
✔ getTargetSettingsObject safely returns empty object when inspection is missing (0.1507ms)
✔ updateSetting writes undefined for empty objects (1.0343ms)
✔ updateSetting writes global and workspace targets (0.346ms)
✔ updateSetting preserves scalar values instead of treating them as empty settings (0.2698ms)
✔ canUpdateWorkspaceSettings detects workspace targets (0.2637ms)
✔ shared color guards accept VS Code hex colors and reject invalid values (1.9857ms)
✔ shared opacity normalization clamps incoming numeric values (0.2199ms)
✔ shared theme guards identify supported Kawaii theme variants (0.1563ms)
✔ webview message guard accepts known messages and rejects unknown payloads (0.6317ms)
✔ settings bundle schema constants preserve current and legacy schema names (0.1684ms)
✔ renderer placeholder contract includes required Neon placeholders (0.1557ms)
✔ shared result helpers create explicit success and failure values (0.9687ms)
✔ WorkbenchPatchService writes the Neon script and patches the workbench HTML (2.4212ms)
✔ WorkbenchPatchService reports reactivation without duplicating the marker (0.6045ms)
✔ WorkbenchPatchService removes an active patch and reports absent patches (1.534ms)
✔ WorkbenchPatchService returns workbench-not-found when no supported HTML file exists (0.3925ms)
✔ applyWorkbenchPatchScriptTag inserts a cache-busted script before the closing html tag (1.1544ms)
✔ applyWorkbenchPatchScriptTag replaces existing extension marker instead of duplicating it (0.2433ms)
✔ removeWorkbenchPatchScriptTag removes only the marked extension script (0.1568ms)
✔ resolveWorkbenchPaths prefers electron-browser workbench.html (1.4405ms)
✔ resolveWorkbenchPatchPaths resolves electron-sandbox workbench.esm.html (0.7789ms)
✔ validateCodexDocFacts accepts documentation that contains all critical facts (1.6411ms)
✔ validateCodexDocFacts ignores automatic patch version drift (0.2831ms)
✔ validateCodexDocFacts reports missing webview message contracts (0.4351ms)
✔ validateCodexDocFacts reports missing renderer placeholders (0.3043ms)
✔ createE2ELastRunRecord normalizes safe run metadata and artifact paths (2.0376ms)
✔ createE2ELastRunRecord keeps current VS Code E2E metadata isolated (1.4432ms)
✔ updateE2ELastRunPhase and finalizeE2ELastRunRecord preserve failure details (0.7074ms)
✔ writeE2ELastRunRecord writes the project-owned marker without depending on ExTester marker freshness (2.7332ms)
✔ readExTesterLastRun treats missing or stale ExTester marker as optional diagnostics (2.3752ms)
✔ readExTesterLastRun ignores failed tests from a marker older than the current run (1.9588ms)
✔ validateE2ERunOptions requires gated Neon runs to stay inside disposable storage (0.7881ms)
✔ increments the package patch version and synchronizes package-lock (6.6268ms)
✔ rejects unsupported package versions (0.6307ms)
✔ require-e2e-neon-flag rejects Neon E2E without explicit acknowledgement (87.7191ms)
✔ require-e2e-neon-flag allows Neon E2E with explicit acknowledgement (63.675ms)
✔ formatSummary prints a final overview for passed, failed, and skipped phases (1.662ms)
✔ createSkippedResults marks remaining phases after a fail-fast stop (0.9173ms)
✔ getNpmExecutable uses npm.exe on Windows so child process runs without a shell (0.1875ms)
✔ formatSummary includes spawn errors for failed phases (0.271ms)
✔ runAllSafeTests returns a promise so the CLI can wait before exiting (1.3668ms)
✔ getSummaryDelayMs defaults to a short pause before final output (0.1722ms)
✔ safe phase list captures integration output before continuing (0.1358ms)
✔ safe phase list excludes gated Neon E2E (0.153ms)
✔ runAllSafeTestPlan fails fast and keeps summary when Safe E2E exits non-zero (2.8017ms)
✔ buildGeneratedTheme replaces color overrides by key (1.939ms)
✔ buildGeneratedTheme replaces token rules by matching name or scope and appends new rules (0.5003ms)
✔ buildGeneratedTheme does not mutate input theme objects (0.3904ms)
✔ NeonEffectService generates the runtime script with typed configuration and stored images (5.3446ms)
✔ NeonEffectService disables active patches and reports inactive patches (1.6098ms)
✔ NeonEffectService reports file access failures while disabling the patch (0.6649ms)
✔ NeonEffectService logs unexpected isEnabled failures and returns false (0.4101ms)
✔ NeonEffectService normalizes supported editor background fit values (0.2305ms)
✔ NeonEffectService reports missing workbench files without writing the patch (0.4559ms)
✔ normalizeBrightnessSetting clamps, rounds, and defaults invalid values (2.5994ms)
✔ normalizeSettingsBundle validates schema and supported versions (1.1173ms)
✔ normalizeSettingsBundle accepts current fixtures and rejects invalid fixture inputs (2.7909ms)
✔ extension configuration export prefers explicit global values and falls back to effective values (1.1251ms)
✔ extension configuration import writes normalized values (0.5222ms)
✔ color customization export and import handle dark and light blocks while preserving unrelated customizations (0.7282ms)
✔ createSettingsBundle exports active theme, configuration, colors, and effects (1.6897ms)
✔ createSettingsBundle exports dark/light colors and image-backed effects (0.7635ms)
✔ applySettingsBundle applies config, colors, effects, then active theme (0.5307ms)
✔ applySettingsBundle restores fixture config, dark/light colors, effects, and active theme (0.9746ms)
✔ settings bundle actions save/import settings sync state (0.5241ms)
✔ settings bundle file actions handle cancellations and read/write JSON files (2.1061ms)
✔ settings sync and file actions restore complete snapshots across chained operations (1.8175ms)
✔ settings sync and file actions match the state model for every four-step chain (178.5733ms)
✔ settings bundle file actions reject invalid JSON and unsupported schema versions (0.6388ms)
✔ updateColorCustomization writes a validated workbench color to the global theme block (2.6208ms)
✔ updateColorCustomization accepts supported hex formats and rejects invalid values without writing (0.7148ms)
✔ updateColorCustomization keeps dark and light customizations isolated (0.2696ms)
✔ updateColorCustomization rejects unknown workbench colors without writing settings (0.1881ms)
✔ updateColorCustomization writes token colors by replacing matching scopes or appending missing scopes (0.3834ms)
✔ updateColorCustomization rejects unknown token indexes and unsupported sections without writing settings (0.4349ms)
✔ resetColorCustomization removes workbench colors from global and workspace targets (0.6018ms)
✔ resetColorCustomization removes token rules and keeps unknown token indexes as no-ops (0.3259ms)
✔ resetAllColorCustomizations removes workbench and token blocks from global and workspace targets (0.4214ms)
✔ changeThemeVariant writes the selected color theme label globally (0.3627ms)
✔ normalizes editor background and empty logo opacity plus fit values (1.2402ms)
✔ validates safe stored file names and resolves paths under storage (0.7182ms)
✔ normalizes supported image extensions, MIME types, and file sizes (1.1295ms)
✔ normalizes exported image data and rejects unsupported or oversized imports (5.5759ms)
✔ normalizes metadata and builds stored image state (0.5823ms)
✔ exports stored image bytes when metadata and file are available (0.3522ms)
✔ exports PNG fixture images as stable bundle image payloads (9.0889ms)
✔ restores exported image by removing missing data or storing valid data (0.5997ms)
✔ stores image bytes, deletes previous files, and updates metadata (1.7205ms)
✔ removes stored image state and applies effects exports in order (0.5325ms)
✔ SettingsMessageController dispatches host messages and preserves legacy payload names (1.8479ms)
✔ SettingsMessageController keeps test-only message gates at the boundary (1.2299ms)
✔ SettingsMessageController posts effects warnings only for successful imports (0.3513ms)
✔ SettingsCommandController delegates settings command actions without owning VS Code internals (0.2961ms)
✔ settings host services delegate state, bundle, and effects boundaries (0.849ms)
✔ settings webview messages reach persistence services without touching real VS Code state (42.4213ms)
✔ settings E2E bundle hook is rejected by default and applies fixture only with Neon flag (14.0399ms)
✔ settings E2E fixtures drive dialogs and random image flows without native UI or network (31.67ms)
✔ settings webview sync and file messages restore saved state after chained edits (14.0803ms)
ℹ tests 130
ℹ suites 0
ℹ pass 130
ℹ fail 0
ℹ cancelled 0
ℹ skipped 0
ℹ todo 0
ℹ duration_ms 2221.12
Exit code: 0
Finished: 2026-06-22 09:15:35 +01:00
