Step 08 unit layer after settings message controller test conversion
Started: 2026-06-22 09:30:35 +01:00
> npm run test:unit

> kawaii-vscode-color@0.1.31 test:unit
> npm run compile && npm run compile:tests && node --test "scripts/**/*.test.js" "test/unit/**/*.test.js" "out-tests/test/unit/**/*.test.js"


> kawaii-vscode-color@0.1.31 compile
> tsc -p tsconfig.extension.json && tsc -p tsconfig.scripts.json


> kawaii-vscode-color@0.1.31 compile:tests
> tsc -p tsconfig.tests.emit.json

✔ package main points to the compiled extension entry (1.4597ms)
✔ resolveExtensionRoot maps source and compiled directories to the package root (0.3103ms)
✔ resolveExtensionAssetPath resolves source assets from compiled output (0.3448ms)
✔ createEmptyEditorLogoStyles includes old and wrapper watermark selectors (0.9713ms)
✔ empty editor logo selectors match old and wrapper VS Code watermark markup (83.2189ms)
✔ empty editor logo version fallbacks remain individually active (12.2631ms)
✔ createEmptyEditorLogoStyles applies data URI and opacity (0.1668ms)
✔ extension maps every editor background fit option to its CSS area (1.971ms)
✔ NeonEffectController exposes settings actions that delegate to the service (1.5323ms)
✔ NeonEffectController regenerates Neon only when switching between Kawaii themes while active (0.4053ms)
✔ NeonEffectService generates the runtime script with typed configuration and stored images (4.7738ms)
✔ NeonEffectService disables active patches and reports inactive patches (1.3589ms)
✔ NeonEffectService reports file access failures while disabling the patch (0.5974ms)
✔ NeonEffectService logs unexpected isEnabled failures and returns false (0.3551ms)
✔ NeonEffectService normalizes supported editor background fit values (0.2433ms)
✔ NeonEffectService reports missing workbench files without writing the patch (0.4502ms)
✔ random neko fetcher normalizes a mocked API image without using external network (1.4615ms)
✔ random neko payload validation rejects missing image data (0.5546ms)
✔ random neko URL and extension helpers use safe fallbacks (0.367ms)
✔ random neko fetcher propagates controlled request failures (0.3766ms)
✔ renderer token helpers preserve VS Code token color matching contracts (1.7351ms)
✔ renderer token replacement keeps dark and light glow maps explicit (0.4748ms)
✔ renderer template module keeps browser boundary identifiers and no Node imports (1.1889ms)
✔ renderer placeholder helpers replace only known placeholders (0.3585ms)
✔ updateColorCustomization writes a validated workbench color to the global theme block (2.2952ms)
✔ updateColorCustomization accepts supported hex formats and rejects invalid values without writing (1.7696ms)
✔ updateColorCustomization keeps dark and light customizations isolated (0.4044ms)
✔ updateColorCustomization rejects unknown workbench colors without writing settings (0.3793ms)
✔ updateColorCustomization writes token colors by replacing matching scopes or appending missing scopes (0.6217ms)
✔ updateColorCustomization rejects unknown token indexes and unsupported sections without writing settings (0.3929ms)
✔ resetColorCustomization removes workbench colors from global and workspace targets (0.4346ms)
✔ resetColorCustomization removes token rules and keeps unknown token indexes as no-ops (0.3514ms)
✔ resetAllColorCustomizations removes workbench and token blocks from global and workspace targets (0.3998ms)
✔ changeThemeVariant writes the selected color theme label globally (0.3522ms)
✔ normalizes editor background and empty logo opacity plus fit values (1.3238ms)
✔ validates safe stored file names and resolves paths under storage (0.7409ms)
✔ normalizes supported image extensions, MIME types, and file sizes (3.3526ms)
✔ normalizes exported image data and rejects unsupported or oversized imports (6.8262ms)
✔ normalizes metadata and builds stored image state (0.6242ms)
✔ exports stored image bytes when metadata and file are available (0.4139ms)
✔ exports PNG fixture images as stable bundle image payloads (12.8194ms)
✔ restores exported image by removing missing data or storing valid data (1.2066ms)
✔ stores image bytes, deletes previous files, and updates metadata (1.9061ms)
✔ removes stored image state and applies effects exports in order (0.7668ms)
✔ SettingsMessageController dispatches host messages and preserves legacy payload names (3.0203ms)
✔ SettingsMessageController keeps test-only message gates at the boundary (0.5536ms)
✔ SettingsMessageController posts effects warnings only for successful imports (0.4243ms)
✔ SettingsCommandController delegates settings command actions without owning VS Code internals (0.4288ms)
✔ settings host services delegate state, bundle, and effects boundaries (1.0555ms)
✔ normalizeHexColor accepts VS Code hex formats and preserves trimmed values (3.5865ms)
✔ normalizeHexColor rejects invalid color values with existing messages (0.7281ms)
✔ getThemeCustomizationKey returns theme-specific VS Code customization keys (0.2135ms)
✔ clonePlainObject and ensurePlainObject return safe plain objects (1.1627ms)
✔ writeThemeCustomizationBlock writes non-empty blocks and deletes empty blocks (0.3265ms)
✔ getTextMateRules filters invalid textMateRules entries (0.2834ms)
✔ scope helpers compare strings and arrays using stable stringification (0.2523ms)
✔ workbench block update and reset preserve unrelated theme blocks (0.4012ms)
✔ token block update replaces matching scope and appends missing scope (0.6307ms)
✔ token reset removes matching rules and deletes empty textMateRules (0.4837ms)
✔ theme customization export and removal handle supported variants only (0.4161ms)
✔ getSettingsObject reads and clones configuration objects (1.8217ms)
✔ getSettingsObject returns empty object for invalid values (0.2399ms)
✔ getTargetSettingsObject reads global and workspace inspection values (0.2519ms)
✔ getTargetSettingsObject safely returns empty object when inspection is missing (0.1688ms)
✔ updateSetting writes undefined for empty objects (1.1441ms)
✔ updateSetting writes global and workspace targets (0.2868ms)
✔ updateSetting preserves scalar values instead of treating them as empty settings (0.2265ms)
✔ canUpdateWorkspaceSettings detects workspace targets (0.2706ms)
✔ shared color guards accept VS Code hex colors and reject invalid values (1.8126ms)
✔ shared opacity normalization clamps incoming numeric values (0.2314ms)
✔ shared theme guards identify supported Kawaii theme variants (0.1795ms)
✔ webview message guard accepts known messages and rejects unknown payloads (0.2511ms)
✔ settings bundle schema constants preserve current and legacy schema names (0.1036ms)
✔ renderer placeholder contract includes required Neon placeholders (0.0839ms)
✔ shared result helpers create explicit success and failure values (0.7365ms)
✔ WorkbenchPatchService writes the Neon script and patches the workbench HTML (2.5509ms)
✔ WorkbenchPatchService reports reactivation without duplicating the marker (0.4507ms)
✔ WorkbenchPatchService removes an active patch and reports absent patches (1.6034ms)
✔ WorkbenchPatchService returns workbench-not-found when no supported HTML file exists (0.3676ms)
✔ applyWorkbenchPatchScriptTag inserts a cache-busted script before the closing html tag (1.2766ms)
✔ applyWorkbenchPatchScriptTag replaces existing extension marker instead of duplicating it (0.2596ms)
✔ removeWorkbenchPatchScriptTag removes only the marked extension script (0.1702ms)
✔ resolveWorkbenchPaths prefers electron-browser workbench.html (0.9485ms)
✔ resolveWorkbenchPatchPaths resolves electron-sandbox workbench.esm.html (0.3836ms)
✔ validateCodexDocFacts accepts documentation that contains all critical facts (1.9358ms)
✔ validateCodexDocFacts ignores automatic patch version drift (0.2839ms)
✔ validateCodexDocFacts reports missing webview message contracts (0.4017ms)
✔ validateCodexDocFacts reports missing renderer placeholders (0.2812ms)
✔ createE2ELastRunRecord normalizes safe run metadata and artifact paths (1.7661ms)
✔ createE2ELastRunRecord keeps current VS Code E2E metadata isolated (0.7782ms)
✔ updateE2ELastRunPhase and finalizeE2ELastRunRecord preserve failure details (0.4133ms)
✔ writeE2ELastRunRecord writes the project-owned marker without depending on ExTester marker freshness (1.9961ms)
✔ readExTesterLastRun treats missing or stale ExTester marker as optional diagnostics (1.9728ms)
✔ readExTesterLastRun ignores failed tests from a marker older than the current run (1.7561ms)
✔ validateE2ERunOptions requires gated Neon runs to stay inside disposable storage (0.562ms)
✔ increments the package patch version and synchronizes package-lock (6.6482ms)
✔ rejects unsupported package versions (0.4773ms)
✔ require-e2e-neon-flag rejects Neon E2E without explicit acknowledgement (73.6071ms)
✔ require-e2e-neon-flag allows Neon E2E with explicit acknowledgement (62.2856ms)
✔ formatSummary prints a final overview for passed, failed, and skipped phases (1.6272ms)
✔ createSkippedResults marks remaining phases after a fail-fast stop (0.8645ms)
✔ getNpmExecutable uses npm.exe on Windows so child process runs without a shell (0.1395ms)
✔ formatSummary includes spawn errors for failed phases (0.2159ms)
✔ runAllSafeTests returns a promise so the CLI can wait before exiting (1.3587ms)
✔ getSummaryDelayMs defaults to a short pause before final output (0.1484ms)
✔ safe phase list captures integration output before continuing (0.1186ms)
✔ safe phase list excludes gated Neon E2E (0.0949ms)
✔ runAllSafeTestPlan fails fast and keeps summary when Safe E2E exits non-zero (2.0338ms)
✔ buildGeneratedTheme replaces color overrides by key (2.0242ms)
✔ buildGeneratedTheme replaces token rules by matching name or scope and appends new rules (0.4173ms)
✔ buildGeneratedTheme does not mutate input theme objects (0.2618ms)
✔ normalizeBrightnessSetting clamps, rounds, and defaults invalid values (1.8979ms)
✔ normalizeSettingsBundle validates schema and supported versions (0.4453ms)
✔ normalizeSettingsBundle accepts current fixtures and rejects invalid fixture inputs (0.6564ms)
✔ extension configuration export prefers explicit global values and falls back to effective values (1.0898ms)
✔ extension configuration import writes normalized values (0.5407ms)
✔ color customization export and import handle dark and light blocks while preserving unrelated customizations (0.6008ms)
✔ createSettingsBundle exports active theme, configuration, colors, and effects (1.2783ms)
✔ createSettingsBundle exports dark/light colors and image-backed effects (0.7167ms)
✔ applySettingsBundle applies config, colors, effects, then active theme (0.4753ms)
✔ applySettingsBundle restores fixture config, dark/light colors, effects, and active theme (0.8034ms)
✔ settings bundle actions save/import settings sync state (0.3993ms)
✔ settings bundle file actions handle cancellations and read/write JSON files (1.4072ms)
✔ settings sync and file actions restore complete snapshots across chained operations (1.8238ms)
✔ settings sync and file actions match the state model for every four-step chain (164.4564ms)
✔ settings bundle file actions reject invalid JSON and unsupported schema versions (0.7254ms)
✔ settings webview messages reach persistence services without touching real VS Code state (36.037ms)
✔ settings E2E bundle hook is rejected by default and applies fixture only with Neon flag (11.4841ms)
✔ settings E2E fixtures drive dialogs and random image flows without native UI or network (27.3432ms)
✔ settings webview sync and file messages restore saved state after chained edits (14.56ms)
ℹ tests 130
ℹ suites 0
ℹ pass 130
ℹ fail 0
ℹ cancelled 0
ℹ skipped 0
ℹ todo 0
ℹ duration_ms 910.3921
Exit code: 0
Finished: 2026-06-22 09:30:42 +01:00
