Step 08 unit layer after runtime TypeScript-backed test batch conversion
Started: 2026-06-22 09:09:45 +01:00
> npm run test:unit

> kawaii-vscode-color@0.1.31 test:unit
> npm run compile && npm run compile:tests && node --test "scripts/**/*.test.js" "test/unit/**/*.test.js" "out-tests/test/unit/**/*.test.js"


> kawaii-vscode-color@0.1.31 compile
> tsc -p tsconfig.extension.json && tsc -p tsconfig.scripts.json


> kawaii-vscode-color@0.1.31 compile:tests
> tsc -p tsconfig.tests.emit.json

✔ package main points to the compiled extension entry (1.5653ms)
✔ resolveExtensionRoot maps source and compiled directories to the package root (0.3526ms)
✔ resolveExtensionAssetPath resolves source assets from compiled output (0.2674ms)
✔ extension maps every editor background fit option to its CSS area (2.3933ms)
✔ random neko fetcher normalizes a mocked API image without using external network (2.5686ms)
✔ random neko payload validation rejects missing image data (0.6855ms)
✔ random neko URL and extension helpers use safe fallbacks (0.3626ms)
✔ random neko fetcher propagates controlled request failures (0.4844ms)
✔ renderer token helpers preserve VS Code token color matching contracts (2.3493ms)
✔ renderer token replacement keeps dark and light glow maps explicit (0.8851ms)
✔ renderer template module keeps browser boundary identifiers and no Node imports (2.2965ms)
✔ renderer placeholder helpers replace only known placeholders (0.4809ms)
✔ normalizeHexColor accepts VS Code hex formats and preserves trimmed values (1.7043ms)
✔ normalizeHexColor rejects invalid color values with existing messages (0.498ms)
✔ getThemeCustomizationKey returns theme-specific VS Code customization keys (0.1432ms)
✔ clonePlainObject and ensurePlainObject return safe plain objects (0.9893ms)
✔ writeThemeCustomizationBlock writes non-empty blocks and deletes empty blocks (0.6727ms)
✔ getTextMateRules filters invalid textMateRules entries (0.2477ms)
✔ scope helpers compare strings and arrays using stable stringification (0.2578ms)
✔ workbench block update and reset preserve unrelated theme blocks (0.2618ms)
✔ token block update replaces matching scope and appends missing scope (0.3424ms)
✔ token reset removes matching rules and deletes empty textMateRules (0.3771ms)
✔ theme customization export and removal handle supported variants only (0.383ms)
✔ getSettingsObject reads and clones configuration objects (1.8537ms)
✔ getSettingsObject returns empty object for invalid values (0.2538ms)
✔ getTargetSettingsObject reads global and workspace inspection values (0.3239ms)
✔ getTargetSettingsObject safely returns empty object when inspection is missing (0.21ms)
✔ updateSetting writes undefined for empty objects (2.1826ms)
✔ updateSetting writes global and workspace targets (0.3499ms)
✔ updateSetting preserves scalar values instead of treating them as empty settings (0.5051ms)
✔ canUpdateWorkspaceSettings detects workspace targets (0.3106ms)
✔ shared color guards accept VS Code hex colors and reject invalid values (2.3766ms)
✔ shared opacity normalization clamps incoming numeric values (0.2902ms)
✔ shared theme guards identify supported Kawaii theme variants (0.2298ms)
✔ webview message guard accepts known messages and rejects unknown payloads (0.3106ms)
✔ settings bundle schema constants preserve current and legacy schema names (0.1615ms)
✔ renderer placeholder contract includes required Neon placeholders (0.1361ms)
✔ shared result helpers create explicit success and failure values (0.9925ms)
✔ applyWorkbenchPatchScriptTag inserts a cache-busted script before the closing html tag (1.1554ms)
✔ applyWorkbenchPatchScriptTag replaces existing extension marker instead of duplicating it (0.2449ms)
✔ removeWorkbenchPatchScriptTag removes only the marked extension script (0.2261ms)
✔ resolveWorkbenchPaths prefers electron-browser workbench.html (1.1723ms)
✔ resolveWorkbenchPatchPaths resolves electron-sandbox workbench.esm.html (0.6447ms)
✔ validateCodexDocFacts accepts documentation that contains all critical facts (2.0514ms)
✔ validateCodexDocFacts ignores automatic patch version drift (0.3021ms)
✔ validateCodexDocFacts reports missing webview message contracts (0.5035ms)
✔ validateCodexDocFacts reports missing renderer placeholders (0.3064ms)
✔ createE2ELastRunRecord normalizes safe run metadata and artifact paths (2.876ms)
✔ createE2ELastRunRecord keeps current VS Code E2E metadata isolated (1.8395ms)
✔ updateE2ELastRunPhase and finalizeE2ELastRunRecord preserve failure details (0.9746ms)
✔ writeE2ELastRunRecord writes the project-owned marker without depending on ExTester marker freshness (5.6128ms)
✔ readExTesterLastRun treats missing or stale ExTester marker as optional diagnostics (4.5105ms)
✔ readExTesterLastRun ignores failed tests from a marker older than the current run (2.8532ms)
✔ validateE2ERunOptions requires gated Neon runs to stay inside disposable storage (1.5234ms)
✔ increments the package patch version and synchronizes package-lock (9.4407ms)
✔ rejects unsupported package versions (0.6521ms)
✔ require-e2e-neon-flag rejects Neon E2E without explicit acknowledgement (127.4058ms)
✔ require-e2e-neon-flag allows Neon E2E with explicit acknowledgement (63.8999ms)
✔ formatSummary prints a final overview for passed, failed, and skipped phases (3.1617ms)
✔ createSkippedResults marks remaining phases after a fail-fast stop (0.8895ms)
✔ getNpmExecutable uses npm.exe on Windows so child process runs without a shell (0.4101ms)
✔ formatSummary includes spawn errors for failed phases (0.8527ms)
✔ runAllSafeTests returns a promise so the CLI can wait before exiting (1.7575ms)
✔ getSummaryDelayMs defaults to a short pause before final output (0.1785ms)
✔ safe phase list captures integration output before continuing (0.2215ms)
✔ safe phase list excludes gated Neon E2E (0.1349ms)
✔ runAllSafeTestPlan fails fast and keeps summary when Safe E2E exits non-zero (2.7813ms)
✔ buildGeneratedTheme replaces color overrides by key (2.4841ms)
✔ buildGeneratedTheme replaces token rules by matching name or scope and appends new rules (0.4497ms)
✔ buildGeneratedTheme does not mutate input theme objects (0.385ms)
✔ createEmptyEditorLogoStyles includes old and wrapper watermark selectors (0.7513ms)
✔ empty editor logo selectors match old and wrapper VS Code watermark markup (77.2511ms)
✔ empty editor logo version fallbacks remain individually active (14.3347ms)
✔ createEmptyEditorLogoStyles applies data URI and opacity (0.2216ms)
✔ NeonEffectController exposes settings actions that delegate to the service (2.3692ms)
✔ NeonEffectController regenerates Neon only when switching between Kawaii themes while active (1.4729ms)
✔ NeonEffectService generates the runtime script with typed configuration and stored images (5.6564ms)
✔ NeonEffectService disables active patches and reports inactive patches (2.075ms)
✔ NeonEffectService reports file access failures while disabling the patch (0.5639ms)
✔ NeonEffectService logs unexpected isEnabled failures and returns false (0.3048ms)
✔ NeonEffectService normalizes supported editor background fit values (0.2158ms)
✔ NeonEffectService reports missing workbench files without writing the patch (0.4027ms)
✔ normalizeBrightnessSetting clamps, rounds, and defaults invalid values (1.7427ms)
✔ normalizeSettingsBundle validates schema and supported versions (0.5878ms)
✔ normalizeSettingsBundle accepts current fixtures and rejects invalid fixture inputs (0.7794ms)
✔ extension configuration export prefers explicit global values and falls back to effective values (0.956ms)
✔ extension configuration import writes normalized values (0.3851ms)
✔ color customization export and import handle dark and light blocks while preserving unrelated customizations (0.6848ms)
✔ createSettingsBundle exports active theme, configuration, colors, and effects (1.5095ms)
✔ createSettingsBundle exports dark/light colors and image-backed effects (0.678ms)
✔ applySettingsBundle applies config, colors, effects, then active theme (0.3643ms)
✔ applySettingsBundle restores fixture config, dark/light colors, effects, and active theme (0.8754ms)
✔ settings bundle actions save/import settings sync state (0.5448ms)
✔ settings bundle file actions handle cancellations and read/write JSON files (1.7798ms)
✔ settings sync and file actions restore complete snapshots across chained operations (1.6248ms)
✔ settings sync and file actions match the state model for every four-step chain (180.8405ms)
✔ settings bundle file actions reject invalid JSON and unsupported schema versions (1.322ms)
✔ updateColorCustomization writes a validated workbench color to the global theme block (2.469ms)
✔ updateColorCustomization accepts supported hex formats and rejects invalid values without writing (0.9668ms)
✔ updateColorCustomization keeps dark and light customizations isolated (0.4537ms)
✔ updateColorCustomization rejects unknown workbench colors without writing settings (0.2911ms)
✔ updateColorCustomization writes token colors by replacing matching scopes or appending missing scopes (0.5931ms)
✔ updateColorCustomization rejects unknown token indexes and unsupported sections without writing settings (0.346ms)
✔ resetColorCustomization removes workbench colors from global and workspace targets (0.4607ms)
✔ resetColorCustomization removes token rules and keeps unknown token indexes as no-ops (0.3275ms)
✔ resetAllColorCustomizations removes workbench and token blocks from global and workspace targets (0.5275ms)
✔ changeThemeVariant writes the selected color theme label globally (0.3458ms)
✔ normalizes editor background and empty logo opacity plus fit values (1.3962ms)
✔ validates safe stored file names and resolves paths under storage (0.7286ms)
✔ normalizes supported image extensions, MIME types, and file sizes (1.1331ms)
✔ normalizes exported image data and rejects unsupported or oversized imports (7.4987ms)
✔ normalizes metadata and builds stored image state (0.6637ms)
✔ exports stored image bytes when metadata and file are available (0.4528ms)
✔ exports PNG fixture images as stable bundle image payloads (9.5092ms)
✔ restores exported image by removing missing data or storing valid data (0.5308ms)
✔ stores image bytes, deletes previous files, and updates metadata (1.7975ms)
✔ removes stored image state and applies effects exports in order (0.7027ms)
✔ SettingsMessageController dispatches host messages and preserves legacy payload names (2.5586ms)
✔ SettingsMessageController keeps test-only message gates at the boundary (1.0937ms)
✔ SettingsMessageController posts effects warnings only for successful imports (0.2849ms)
✔ SettingsCommandController delegates settings command actions without owning VS Code internals (0.2653ms)
✔ settings host services delegate state, bundle, and effects boundaries (0.8811ms)
✔ settings webview messages reach persistence services without touching real VS Code state (41.92ms)
✔ settings E2E bundle hook is rejected by default and applies fixture only with Neon flag (13.6462ms)
✔ settings E2E fixtures drive dialogs and random image flows without native UI or network (31.6004ms)
✔ settings webview sync and file messages restore saved state after chained edits (14.2332ms)
✔ WorkbenchPatchService writes the Neon script and patches the workbench HTML (2.3275ms)
✔ WorkbenchPatchService reports reactivation without duplicating the marker (0.5843ms)
✔ WorkbenchPatchService removes an active patch and reports absent patches (1.2542ms)
✔ WorkbenchPatchService returns workbench-not-found when no supported HTML file exists (0.3715ms)
ℹ tests 130
ℹ suites 0
ℹ pass 130
ℹ fail 0
ℹ cancelled 0
ℹ skipped 0
ℹ todo 0
ℹ duration_ms 1033.753
Exit code: 0
Finished: 2026-06-22 09:09:53 +01:00
