Step 08 unit layer before conversion
Started: 2026-06-22 08:46:57 +01:00
> npm run test:unit

> kawaii-vscode-color@0.1.31 test:unit
> npm run compile && node --test "scripts/**/*.test.js" "test/unit/**/*.test.js"


> kawaii-vscode-color@0.1.31 compile
> tsc -p tsconfig.extension.json && tsc -p tsconfig.scripts.json

✔ validateCodexDocFacts accepts documentation that contains all critical facts (2.2915ms)
✔ validateCodexDocFacts ignores automatic patch version drift (0.2526ms)
✔ validateCodexDocFacts reports missing webview message contracts (0.3325ms)
✔ validateCodexDocFacts reports missing renderer placeholders (0.2675ms)
✔ createE2ELastRunRecord normalizes safe run metadata and artifact paths (2.3942ms)
✔ createE2ELastRunRecord keeps current VS Code E2E metadata isolated (1.428ms)
✔ updateE2ELastRunPhase and finalizeE2ELastRunRecord preserve failure details (0.6847ms)
✔ writeE2ELastRunRecord writes the project-owned marker without depending on ExTester marker freshness (2.8194ms)
✔ readExTesterLastRun treats missing or stale ExTester marker as optional diagnostics (3.2389ms)
✔ readExTesterLastRun ignores failed tests from a marker older than the current run (2.1544ms)
✔ validateE2ERunOptions requires gated Neon runs to stay inside disposable storage (0.8491ms)
✔ increments the package patch version and synchronizes package-lock (8.3739ms)
✔ rejects unsupported package versions (0.5341ms)
✔ require-e2e-neon-flag rejects Neon E2E without explicit acknowledgement (91.798ms)
✔ require-e2e-neon-flag allows Neon E2E with explicit acknowledgement (131.3237ms)
✔ formatSummary prints a final overview for passed, failed, and skipped phases (3.1442ms)
✔ createSkippedResults marks remaining phases after a fail-fast stop (2.6982ms)
✔ getNpmExecutable uses npm.exe on Windows so child process runs without a shell (0.3847ms)
✔ formatSummary includes spawn errors for failed phases (0.3608ms)
✔ runAllSafeTests returns a promise so the CLI can wait before exiting (1.5549ms)
✔ getSummaryDelayMs defaults to a short pause before final output (0.22ms)
✔ safe phase list captures integration output before continuing (0.188ms)
✔ safe phase list excludes gated Neon E2E (0.171ms)
✔ runAllSafeTestPlan fails fast and keeps summary when Safe E2E exits non-zero (2.6821ms)
✔ buildGeneratedTheme replaces color overrides by key (3.3749ms)
✔ buildGeneratedTheme replaces token rules by matching name or scope and appends new rules (0.3928ms)
✔ buildGeneratedTheme does not mutate input theme objects (0.4883ms)
✔ package main points to the compiled extension entry (1.4946ms)
✔ resolveExtensionRoot maps source and compiled directories to the package root (0.8312ms)
✔ resolveExtensionAssetPath resolves source assets from compiled output (0.9635ms)
✔ createEmptyEditorLogoStyles includes old and wrapper watermark selectors (0.7813ms)
✔ empty editor logo selectors match old and wrapper VS Code watermark markup (85.5964ms)
✔ empty editor logo version fallbacks remain individually active (15.2788ms)
✔ createEmptyEditorLogoStyles applies data URI and opacity (0.2634ms)
✔ extension maps every editor background fit option to its CSS area (1.7573ms)
✔ NeonEffectController exposes settings actions that delegate to the service (1.8878ms)
✔ NeonEffectController regenerates Neon only when switching between Kawaii themes while active (0.6283ms)
✔ NeonEffectService generates the runtime script with typed configuration and stored images (4.5336ms)
✔ NeonEffectService disables active patches and reports inactive patches (1.3396ms)
✔ NeonEffectService reports file access failures while disabling the patch (0.5536ms)
✔ NeonEffectService logs unexpected isEnabled failures and returns false (0.5201ms)
✔ NeonEffectService normalizes supported editor background fit values (0.2788ms)
✔ NeonEffectService reports missing workbench files without writing the patch (0.5063ms)
✔ random neko fetcher normalizes a mocked API image without using external network (1.5041ms)
✔ random neko payload validation rejects missing image data (1.4377ms)
✔ random neko URL and extension helpers use safe fallbacks (0.4191ms)
✔ random neko fetcher propagates controlled request failures (0.4321ms)
✔ renderer token helpers preserve VS Code token color matching contracts (3.0172ms)
✔ renderer token replacement keeps dark and light glow maps explicit (0.4659ms)
✔ renderer template module keeps browser boundary identifiers and no Node imports (3.5461ms)
✔ renderer placeholder helpers replace only known placeholders (0.3826ms)
✔ normalizeBrightnessSetting clamps, rounds, and defaults invalid values (3.3224ms)
✔ normalizeSettingsBundle validates schema and supported versions (0.7007ms)
✔ normalizeSettingsBundle accepts current fixtures and rejects invalid fixture inputs (0.9231ms)
✔ extension configuration export prefers explicit global values and falls back to effective values (1.5139ms)
✔ extension configuration import writes normalized values (0.5178ms)
✔ color customization export and import handle dark and light blocks while preserving unrelated customizations (0.7217ms)
✔ createSettingsBundle exports active theme, configuration, colors, and effects (1.4972ms)
✔ createSettingsBundle exports dark/light colors and image-backed effects (0.8565ms)
✔ applySettingsBundle applies config, colors, effects, then active theme (4.3478ms)
✔ applySettingsBundle restores fixture config, dark/light colors, effects, and active theme (1.1723ms)
✔ settings bundle actions save/import settings sync state (0.6331ms)
✔ settings bundle file actions handle cancellations and read/write JSON files (1.9311ms)
✔ settings sync and file actions restore complete snapshots across chained operations (2.394ms)
✔ settings sync and file actions match the state model for every four-step chain (250.4ms)
✔ settings bundle file actions reject invalid JSON and unsupported schema versions (0.674ms)
✔ updateColorCustomization writes a validated workbench color to the global theme block (6.3402ms)
✔ updateColorCustomization accepts supported hex formats and rejects invalid values without writing (1.0414ms)
✔ updateColorCustomization keeps dark and light customizations isolated (0.4705ms)
✔ updateColorCustomization rejects unknown workbench colors without writing settings (0.2777ms)
✔ updateColorCustomization writes token colors by replacing matching scopes or appending missing scopes (0.5515ms)
✔ updateColorCustomization rejects unknown token indexes and unsupported sections without writing settings (0.3048ms)
✔ resetColorCustomization removes workbench colors from global and workspace targets (0.4326ms)
✔ resetColorCustomization removes token rules and keeps unknown token indexes as no-ops (0.3113ms)
✔ resetAllColorCustomizations removes workbench and token blocks from global and workspace targets (0.4178ms)
✔ changeThemeVariant writes the selected color theme label globally (0.4432ms)
✔ normalizes editor background and empty logo opacity plus fit values (1.2716ms)
✔ validates safe stored file names and resolves paths under storage (0.6836ms)
✔ normalizes supported image extensions, MIME types, and file sizes (1.3031ms)
✔ normalizes exported image data and rejects unsupported or oversized imports (9.1084ms)
✔ normalizes metadata and builds stored image state (0.9204ms)
✔ exports stored image bytes when metadata and file are available (0.5536ms)
✔ exports PNG fixture images as stable bundle image payloads (20.8578ms)
✔ restores exported image by removing missing data or storing valid data (0.773ms)
✔ stores image bytes, deletes previous files, and updates metadata (3.1693ms)
✔ removes stored image state and applies effects exports in order (0.8027ms)
✔ SettingsMessageController dispatches host messages and preserves legacy payload names (2.3353ms)
✔ SettingsMessageController keeps test-only message gates at the boundary (1.5253ms)
✔ SettingsMessageController posts effects warnings only for successful imports (0.5052ms)
✔ SettingsCommandController delegates settings command actions without owning VS Code internals (0.3755ms)
✔ settings host services delegate state, bundle, and effects boundaries (1.1575ms)
✔ settings webview messages reach persistence services without touching real VS Code state (71.4249ms)
✔ settings E2E bundle hook is rejected by default and applies fixture only with Neon flag (22.2333ms)
✔ settings E2E fixtures drive dialogs and random image flows without native UI or network (35.7273ms)
✔ settings webview sync and file messages restore saved state after chained edits (14.5701ms)
✔ normalizeHexColor accepts VS Code hex formats and preserves trimmed values (1.8999ms)
✔ normalizeHexColor rejects invalid color values with existing messages (0.8538ms)
✔ getThemeCustomizationKey returns theme-specific VS Code customization keys (0.2915ms)
✔ clonePlainObject and ensurePlainObject return safe plain objects (1.2042ms)
✔ writeThemeCustomizationBlock writes non-empty blocks and deletes empty blocks (3.1362ms)
✔ getTextMateRules filters invalid textMateRules entries (0.4755ms)
✔ scope helpers compare strings and arrays using stable stringification (0.4294ms)
✔ workbench block update and reset preserve unrelated theme blocks (0.3892ms)
✔ token block update replaces matching scope and appends missing scope (0.7309ms)
✔ token reset removes matching rules and deletes empty textMateRules (0.745ms)
✔ theme customization export and removal handle supported variants only (0.6121ms)
✔ getSettingsObject reads and clones configuration objects (2.5034ms)
✔ getSettingsObject returns empty object for invalid values (0.2842ms)
✔ getTargetSettingsObject reads global and workspace inspection values (0.2462ms)
✔ getTargetSettingsObject safely returns empty object when inspection is missing (0.3259ms)
✔ updateSetting writes undefined for empty objects (1.5144ms)
✔ updateSetting writes global and workspace targets (0.2994ms)
✔ updateSetting preserves scalar values instead of treating them as empty settings (0.2337ms)
✔ canUpdateWorkspaceSettings detects workspace targets (0.2487ms)
✔ shared color guards accept VS Code hex colors and reject invalid values (2.2755ms)
✔ shared opacity normalization clamps incoming numeric values (0.2291ms)
✔ shared theme guards identify supported Kawaii theme variants (0.1682ms)
✔ webview message guard accepts known messages and rejects unknown payloads (0.2676ms)
✔ settings bundle schema constants preserve current and legacy schema names (0.2178ms)
✔ renderer placeholder contract includes required Neon placeholders (0.1471ms)
✔ shared result helpers create explicit success and failure values (0.8894ms)
✔ WorkbenchPatchService writes the Neon script and patches the workbench HTML (2.6638ms)
✔ WorkbenchPatchService reports reactivation without duplicating the marker (0.7895ms)
✔ WorkbenchPatchService removes an active patch and reports absent patches (2.2562ms)
✔ WorkbenchPatchService returns workbench-not-found when no supported HTML file exists (0.4123ms)
✔ applyWorkbenchPatchScriptTag inserts a cache-busted script before the closing html tag (1.3272ms)
✔ applyWorkbenchPatchScriptTag replaces existing extension marker instead of duplicating it (0.2916ms)
✔ removeWorkbenchPatchScriptTag removes only the marked extension script (0.1801ms)
✔ resolveWorkbenchPaths prefers electron-browser workbench.html (1.2103ms)
✔ resolveWorkbenchPatchPaths resolves electron-sandbox workbench.esm.html (0.4815ms)
ℹ tests 130
ℹ suites 0
ℹ pass 130
ℹ fail 0
ℹ cancelled 0
ℹ skipped 0
ℹ todo 0
ℹ duration_ms 1116.4045
Exit code: 0
Finished: 2026-06-22 08:47:02 +01:00
