COMMAND: npm run test:unit

> kawaii-vscode-color@0.1.31 test:unit
> npm run compile && npm run compile:tests && node --test "scripts/**/*.test.js" "test/unit/**/*.test.js" "out-tests/test/unit/**/*.test.js"


> kawaii-vscode-color@0.1.31 compile
> tsc -p tsconfig.extension.json && tsc -p tsconfig.scripts.json


> kawaii-vscode-color@0.1.31 compile:tests
> tsc -p tsconfig.tests.emit.json

✔ package main points to the compiled extension entry (0.8548ms)
✔ resolveExtensionRoot maps source and compiled directories to the package root (0.2002ms)
✔ resolveExtensionAssetPath resolves source assets from compiled output (0.166ms)
✔ createEmptyEditorLogoStyles includes old and wrapper watermark selectors (0.6901ms)
✔ empty editor logo selectors match old and wrapper VS Code watermark markup (116.1567ms)
✔ empty editor logo version fallbacks remain individually active (14.0969ms)
✔ createEmptyEditorLogoStyles applies data URI and opacity (0.1792ms)
✔ extension maps every editor background fit option to its CSS area (1.7508ms)
✔ NeonEffectController exposes settings actions that delegate to the service (1.6308ms)
✔ NeonEffectController regenerates Neon only when switching between Kawaii themes while active (0.3755ms)
✔ NeonEffectService generates the runtime script with typed configuration and stored images (4.7044ms)
✔ NeonEffectService disables active patches and reports inactive patches (1.2826ms)
✔ NeonEffectService reports file access failures while disabling the patch (0.5462ms)
✔ NeonEffectService logs unexpected isEnabled failures and returns false (0.4242ms)
✔ NeonEffectService normalizes supported editor background fit values (0.2539ms)
✔ NeonEffectService reports missing workbench files without writing the patch (0.5018ms)
✔ random neko fetcher normalizes a mocked API image without using external network (1.0786ms)
✔ random neko payload validation rejects missing image data (0.549ms)
✔ random neko URL and extension helpers use safe fallbacks (0.3544ms)
✔ random neko fetcher propagates controlled request failures (0.3666ms)
✔ renderer token helpers preserve VS Code token color matching contracts (1.6858ms)
✔ renderer token replacement keeps dark and light glow maps explicit (0.4017ms)
✔ renderer template module keeps browser boundary identifiers and no Node imports (1.0663ms)
✔ renderer placeholder helpers replace only known placeholders (0.2986ms)
✔ normalizeBrightnessSetting clamps, rounds, and defaults invalid values (1.9924ms)
✔ normalizeSettingsBundle validates schema and supported versions (0.7558ms)
✔ normalizeSettingsBundle accepts current fixtures and rejects invalid fixture inputs (0.9207ms)
✔ extension configuration export prefers explicit global values and falls back to effective values (1.1169ms)
✔ extension configuration import writes normalized values (0.9607ms)
✔ color customization export and import handle dark and light blocks while preserving unrelated customizations (1.551ms)
✔ createSettingsBundle exports active theme, configuration, colors, and effects (1.8486ms)
✔ createSettingsBundle exports dark/light colors and image-backed effects (0.8406ms)
✔ applySettingsBundle applies config, colors, effects, then active theme (0.5435ms)
✔ applySettingsBundle restores fixture config, dark/light colors, effects, and active theme (0.9536ms)
✔ settings bundle actions save/import settings sync state (0.6562ms)
✔ settings bundle file actions handle cancellations and read/write JSON files (2.6128ms)
✔ settings sync and file actions restore complete snapshots across chained operations (4.42ms)
✔ settings sync and file actions match the state model for every four-step chain (248.5121ms)
✔ settings bundle file actions reject invalid JSON and unsupported schema versions (0.7412ms)
✔ updateColorCustomization writes a validated workbench color to the global theme block (5.3174ms)
✔ updateColorCustomization accepts supported hex formats and rejects invalid values without writing (2.9326ms)
✔ updateColorCustomization keeps dark and light customizations isolated (0.394ms)
✔ updateColorCustomization rejects unknown workbench colors without writing settings (0.2953ms)
✔ updateColorCustomization writes token colors by replacing matching scopes or appending missing scopes (0.6064ms)
✔ updateColorCustomization rejects unknown token indexes and unsupported sections without writing settings (0.57ms)
✔ resetColorCustomization removes workbench colors from global and workspace targets (0.9677ms)
✔ resetColorCustomization removes token rules and keeps unknown token indexes as no-ops (0.323ms)
✔ resetAllColorCustomizations removes workbench and token blocks from global and workspace targets (0.7709ms)
✔ changeThemeVariant writes the selected color theme label globally (0.847ms)
✔ normalizes editor background and empty logo opacity plus fit values (1.7181ms)
✔ validates safe stored file names and resolves paths under storage (0.8099ms)
✔ normalizes supported image extensions, MIME types, and file sizes (1.1062ms)
✔ normalizes exported image data and rejects unsupported or oversized imports (9.3585ms)
✔ normalizes metadata and builds stored image state (0.6321ms)
✔ exports stored image bytes when metadata and file are available (0.3974ms)
✔ exports PNG fixture images as stable bundle image payloads (20.2543ms)
✔ restores exported image by removing missing data or storing valid data (1.1493ms)
✔ stores image bytes, deletes previous files, and updates metadata (2.4346ms)
✔ removes stored image state and applies effects exports in order (2.2256ms)
✔ SettingsMessageController dispatches host messages and preserves legacy payload names (3.5106ms)
✔ SettingsMessageController keeps test-only message gates at the boundary (0.5641ms)
✔ SettingsMessageController posts effects warnings only for successful imports (0.3615ms)
✔ SettingsCommandController delegates settings command actions without owning VS Code internals (0.3153ms)
✔ settings host services delegate state, bundle, and effects boundaries (0.9968ms)
✔ normalizeHexColor accepts VS Code hex formats and preserves trimmed values (2.0642ms)
✔ normalizeHexColor rejects invalid color values with existing messages (0.7159ms)
✔ getThemeCustomizationKey returns theme-specific VS Code customization keys (0.1714ms)
✔ clonePlainObject and ensurePlainObject return safe plain objects (1.4112ms)
✔ writeThemeCustomizationBlock writes non-empty blocks and deletes empty blocks (0.3628ms)
✔ getTextMateRules filters invalid textMateRules entries (0.7087ms)
✔ scope helpers compare strings and arrays using stable stringification (0.329ms)
✔ workbench block update and reset preserve unrelated theme blocks (0.2755ms)
✔ token block update replaces matching scope and appends missing scope (0.3486ms)
✔ token reset removes matching rules and deletes empty textMateRules (0.3808ms)
✔ theme customization export and removal handle supported variants only (0.359ms)
✔ getSettingsObject reads and clones configuration objects (1.8372ms)
✔ getSettingsObject returns empty object for invalid values (0.2501ms)
✔ getTargetSettingsObject reads global and workspace inspection values (0.3564ms)
✔ getTargetSettingsObject safely returns empty object when inspection is missing (0.2039ms)
✔ updateSetting writes undefined for empty objects (1.1683ms)
✔ updateSetting writes global and workspace targets (0.2803ms)
✔ updateSetting preserves scalar values instead of treating them as empty settings (0.2553ms)
✔ canUpdateWorkspaceSettings detects workspace targets (0.2569ms)
✔ shared color guards accept VS Code hex colors and reject invalid values (1.893ms)
✔ shared opacity normalization clamps incoming numeric values (0.2302ms)
✔ shared theme guards identify supported Kawaii theme variants (0.1834ms)
✔ webview message guard accepts known messages and rejects unknown payloads (0.2802ms)
✔ settings bundle schema constants preserve current and legacy schema names (0.1862ms)
✔ renderer placeholder contract includes required Neon placeholders (0.1549ms)
✔ shared result helpers create explicit success and failure values (0.9007ms)
✔ WorkbenchPatchService writes the Neon script and patches the workbench HTML (2.8771ms)
✔ WorkbenchPatchService reports reactivation without duplicating the marker (0.5743ms)
✔ WorkbenchPatchService removes an active patch and reports absent patches (1.8783ms)
✔ WorkbenchPatchService returns workbench-not-found when no supported HTML file exists (0.4177ms)
✔ applyWorkbenchPatchScriptTag inserts a cache-busted script before the closing html tag (1.1124ms)
✔ applyWorkbenchPatchScriptTag replaces existing extension marker instead of duplicating it (0.2327ms)
✔ removeWorkbenchPatchScriptTag removes only the marked extension script (0.1489ms)
✔ resolveWorkbenchPaths prefers electron-browser workbench.html (1.3481ms)
✔ resolveWorkbenchPatchPaths resolves electron-sandbox workbench.esm.html (0.4194ms)
✔ validateCodexDocFacts accepts documentation that contains all critical facts (2.1723ms)
✔ validateCodexDocFacts ignores automatic patch version drift (0.2998ms)
✔ validateCodexDocFacts reports missing webview message contracts (0.4484ms)
✔ validateCodexDocFacts reports missing renderer placeholders (0.2841ms)
✔ createE2ELastRunRecord normalizes safe run metadata and artifact paths (2.151ms)
✔ createE2ELastRunRecord keeps current VS Code E2E metadata isolated (1.107ms)
✔ updateE2ELastRunPhase and finalizeE2ELastRunRecord preserve failure details (0.7379ms)
✔ writeE2ELastRunRecord writes the project-owned marker without depending on ExTester marker freshness (2.7326ms)
✔ readExTesterLastRun treats missing or stale ExTester marker as optional diagnostics (2.6129ms)
✔ readExTesterLastRun ignores failed tests from a marker older than the current run (2.0429ms)
✔ validateE2ERunOptions requires gated Neon runs to stay inside disposable storage (0.7449ms)
✔ increments the package patch version and synchronizes package-lock (8.2593ms)
✔ rejects unsupported package versions (0.5189ms)
✔ require-e2e-neon-flag rejects Neon E2E without explicit acknowledgement (73.6566ms)
✔ require-e2e-neon-flag allows Neon E2E with explicit acknowledgement (61.9735ms)
✔ formatSummary prints a final overview for passed, failed, and skipped phases (1.4626ms)
✔ createSkippedResults marks remaining phases after a fail-fast stop (0.8184ms)
✔ getNpmExecutable uses npm.exe on Windows so child process runs without a shell (0.2078ms)
✔ formatSummary includes spawn errors for failed phases (0.3342ms)
✔ runAllSafeTests returns a promise so the CLI can wait before exiting (1.6974ms)
✔ getSummaryDelayMs defaults to a short pause before final output (0.1855ms)
✔ safe phase list captures integration output before continuing (0.1552ms)
✔ safe phase list excludes gated Neon E2E (0.1131ms)
✔ runAllSafeTestPlan fails fast and keeps summary when Safe E2E exits non-zero (2.7236ms)
✔ buildGeneratedTheme replaces color overrides by key (1.6568ms)
✔ buildGeneratedTheme replaces token rules by matching name or scope and appends new rules (0.3831ms)
✔ buildGeneratedTheme does not mutate input theme objects (0.4873ms)
✔ settings webview messages reach persistence services without touching real VS Code state (34.0372ms)
✔ settings E2E bundle hook is rejected by default and applies fixture only with Neon flag (12.2486ms)
✔ settings E2E fixtures drive dialogs and random image flows without native UI or network (28.8303ms)
✔ settings webview sync and file messages restore saved state after chained edits (16.1909ms)
ℹ tests 130
ℹ suites 0
ℹ pass 130
ℹ fail 0
ℹ cancelled 0
ℹ skipped 0
ℹ todo 0
ℹ duration_ms 1049.1177
EXIT_CODE: 0
